
2018-11-09 22:50:23
[ERROR]-[Thread: main]-[com.jfinal.kit.LogKit.error()]: File not found : D:\ideaProject\demo\src\main\webapp/common/_admin_layout.html
java.lang.RuntimeException: File not found : D:\ideaProject\demo\src\main\webapp/common/_admin_layout.html
	at com.jfinal.template.source.FileSource.getContent(FileSource.java:70)
	at com.jfinal.template.EngineConfig.doAddSharedFunction(EngineConfig.java:93)
	at com.jfinal.template.EngineConfig.addSharedFunction(EngineConfig.java:88)
	at com.jfinal.template.Engine.addSharedFunction(Engine.java:245)
	at com.demo.config.AppConfig.configEngine(AppConfig.java:57)
	at com.jfinal.core.Config.configJFinal(Config.java:57)
	at com.jfinal.core.JFinal.init(JFinal.java:61)
	at com.jfinal.core.JFinalFilter.init(JFinalFilter.java:62)
	at org.eclipse.jetty.servlet.FilterHolder.initialize(FilterHolder.java:139)
	at org.eclipse.jetty.servlet.ServletHandler.initialize(ServletHandler.java:741)
	at org.eclipse.jetty.servlet.ServletContextHandler.startContext(ServletContextHandler.java:374)
	at org.eclipse.jetty.webapp.WebAppContext.startWebapp(WebAppContext.java:1497)
	at org.eclipse.jetty.webapp.WebAppContext.startContext(WebAppContext.java:1459)
	at org.eclipse.jetty.server.handler.ContextHandler.doStart(ContextHandler.java:847)
	at org.eclipse.jetty.servlet.ServletContextHandler.doStart(ServletContextHandler.java:287)
	at org.eclipse.jetty.webapp.WebAppContext.doStart(WebAppContext.java:545)
	at org.eclipse.jetty.util.component.AbstractLifeCycle.start(AbstractLifeCycle.java:68)
	at org.eclipse.jetty.util.component.ContainerLifeCycle.start(ContainerLifeCycle.java:138)
	at org.eclipse.jetty.server.Server.start(Server.java:416)
	at org.eclipse.jetty.util.component.ContainerLifeCycle.doStart(ContainerLifeCycle.java:108)
	at org.eclipse.jetty.server.handler.AbstractHandler.doStart(AbstractHandler.java:113)
	at org.eclipse.jetty.server.Server.doStart(Server.java:383)
	at org.eclipse.jetty.util.component.AbstractLifeCycle.start(AbstractLifeCycle.java:68)
	at com.jfinal.server.jetty.JettyServer.doStart(JettyServer.java:148)
	at com.jfinal.server.jetty.JettyServer.start(JettyServer.java:69)
	at com.jfinal.core.JFinal.start(JFinal.java:160)
	at com.demo.config.AppConfig.main(AppConfig.java:32)
